# JRE version: Java(TM) SE Runtime Environment (21.0.6+8) (build 21.0.6+8-LTS-188)
# Java VM: Java HotSpot(TM) 64-Bit Server VM (21.0.6+8-LTS-188, mixed mode, sharing, tiered, compressed oops, compressed class ptrs, g1 gc, windows-amd64)
GC Precious Log:
 CardTable entry size: 512
 Card Set container configuration: InlinePtr #cards 4 size 8 Array Of Cards #cards 16 size 48 Howl #buckets 8 coarsen threshold 3686 Howl Bitmap #cards 512 size 80 coarsen threshold 460 Card regions per heap region 1 cards per card region 4096
 CPUs: 14 total, 14 available
 Memory: 15828M
 Large Page Support: Disabled
 NUMA Support: Disabled
 Compressed Oops: Enabled (Zero based)
 Heap Region Size: 2M
 Heap Min Capacity: 8M
 Heap Initial Capacity: 248M
 Heap Max Capacity: 3958M
 Pre-touch: Disabled
 Parallel Workers: 11
 Concurrent Workers: 3
 Concurrent Refinement Workers: 11
 Periodic GC: Disabled
Heap:
 garbage-first heap   total 102400K, used 72735K [0x0000000708a00000, 0x0000000800000000)
  region size 2048K, 22 young (45056K), 3 survivors (6144K)
 Metaspace       used 89215K, committed 90048K, reserved 1179648K
  class space    used 11256K, committed 11648K, reserved 1048576K
GC Heap History (20 events):
Event: 7747.539 GC heap after
{Heap after GC invocations=42 (full 3):
 garbage-first heap   total 86016K, used 37650K [0x0000000708a00000, 0x0000000800000000)
  region size 2048K, 3 young (6144K), 3 survivors (6144K)
 Metaspace       used 85327K, committed 86080K, reserved 1179648K
  class space    used 10970K, committed 11328K, reserved 1048576K
}
Event: 8291.446 GC heap before
{Heap before GC invocations=42 (full 3):
 garbage-first heap   total 86016K, used 68370K [0x0000000708a00000, 0x0000000800000000)
  region size 2048K, 18 young (36864K), 3 survivors (6144K)
 Metaspace       used 85338K, committed 86080K, reserved 1179648K
  class space    used 10970K, committed 11328K, reserved 1048576K
}
Event: 8291.452 GC heap after
{Heap after GC invocations=43 (full 3):
 garbage-first heap   total 86016K, used 38186K [0x0000000708a00000, 0x0000000800000000)
  region size 2048K, 2 young (4096K), 2 survivors (4096K)
 Metaspace       used 85338K, committed 86080K, reserved 1179648K
  class space    used 10970K, committed 11328K, reserved 1048576K
}
Event: 8874.189 GC heap before
{Heap before GC invocations=44 (full 3):
 garbage-first heap   total 86016K, used 70954K [0x0000000708a00000, 0x0000000800000000)
  region size 2048K, 18 young (36864K), 2 survivors (4096K)
 Metaspace       used 85313K, committed 86080K, reserved 1179648K
  class space    used 10959K, committed 11328K, reserved 1048576K
}
Event: 8874.199 GC heap after
{Heap after GC invocations=45 (full 3):
 garbage-first heap   total 104448K, used 37776K [0x0000000708a00000, 0x0000000800000000)
  region size 2048K, 2 young (4096K), 2 survivors (4096K)
 Metaspace       used 85313K, committed 86080K, reserved 1179648K
  class space    used 10959K, committed 11328K, reserved 1048576K
}
Event: 9584.820 GC heap before
{Heap before GC invocations=45 (full 3):
 garbage-first heap   total 104448K, used 86928K [0x0000000708a00000, 0x0000000800000000)
  region size 2048K, 26 young (53248K), 2 survivors (4096K)
 Metaspace       used 85619K, committed 86400K, reserved 1179648K
  class space    used 10973K, committed 11392K, reserved 1048576K
}
Event: 9584.835 GC heap after
{Heap after GC invocations=46 (full 3):
 garbage-first heap   total 104448K, used 37244K [0x0000000708a00000, 0x0000000800000000)
  region size 2048K, 2 young (4096K), 2 survivors (4096K)
 Metaspace       used 85619K, committed 86400K, reserved 1179648K
  class space    used 10973K, committed 11392K, reserved 1048576K
}
Event: 10528.928 GC heap before
{Heap before GC invocations=46 (full 3):
 garbage-first heap   total 104448K, used 90492K [0x0000000708a00000, 0x0000000800000000)
  region size 2048K, 28 young (57344K), 2 survivors (4096K)
 Metaspace       used 85683K, committed 86464K, reserved 1179648K
  class space    used 10973K, committed 11392K, reserved 1048576K
}
Event: 10528.933 GC heap after
{Heap after GC invocations=47 (full 3):
 garbage-first heap   total 104448K, used 37161K [0x0000000708a00000, 0x0000000800000000)
  region size 2048K, 2 young (4096K), 2 survivors (4096K)
 Metaspace       used 85683K, committed 86464K, reserved 1179648K
  class space    used 10973K, committed 11392K, reserved 1048576K
}
Event: 11260.169 GC heap before
{Heap before GC invocations=48 (full 3):
 garbage-first heap   total 104448K, used 88361K [0x0000000708a00000, 0x0000000800000000)
  region size 2048K, 28 young (57344K), 2 survivors (4096K)
 Metaspace       used 85975K, committed 86784K, reserved 1179648K
  class space    used 10968K, committed 11392K, reserved 1048576K
}
Event: 11260.184 GC heap after
{Heap after GC invocations=49 (full 3):
 garbage-first heap   total 104448K, used 38174K [0x0000000708a00000, 0x0000000800000000)
  region size 2048K, 3 young (6144K), 3 survivors (6144K)
 Metaspace       used 85975K, committed 86784K, reserved 1179648K
  class space    used 10968K, committed 11392K, reserved 1048576K
}
Event: 11957.443 GC heap before
{Heap before GC invocations=49 (full 3):
 garbage-first heap   total 104448K, used 85278K [0x0000000708a00000, 0x0000000800000000)
  region size 2048K, 27 young (55296K), 3 survivors (6144K)
 Metaspace       used 87174K, committed 87936K, reserved 1179648K
  class space    used 11114K, committed 11456K, reserved 1048576K
}
Event: 11957.466 GC heap after
{Heap after GC invocations=50 (full 3):
 garbage-first heap   total 104448K, used 37913K [0x0000000708a00000, 0x0000000800000000)
  region size 2048K, 3 young (6144K), 3 survivors (6144K)
 Metaspace       used 87174K, committed 87936K, reserved 1179648K
  class space    used 11114K, committed 11456K, reserved 1048576K
}
Event: 12623.057 GC heap before
{Heap before GC invocations=50 (full 3):
 garbage-first heap   total 104448K, used 85017K [0x0000000708a00000, 0x0000000800000000)
  region size 2048K, 27 young (55296K), 3 survivors (6144K)
 Metaspace       used 87697K, committed 88448K, reserved 1179648K
  class space    used 11119K, committed 11456K, reserved 1048576K
}
Event: 12623.230 GC heap after
{Heap after GC invocations=51 (full 4):
 garbage-first heap   total 102400K, used 27825K [0x0000000708a00000, 0x0000000800000000)
  region size 2048K, 0 young (0K), 0 survivors (0K)
 Metaspace       used 87588K, committed 88448K, reserved 1179648K
  class space    used 11093K, committed 11456K, reserved 1048576K
}
Event: 12626.311 GC heap before
{Heap before GC invocations=51 (full 4):
 garbage-first heap   total 102400K, used 89265K [0x0000000708a00000, 0x0000000800000000)
  region size 2048K, 30 young (61440K), 0 survivors (0K)
 Metaspace       used 88279K, committed 89024K, reserved 1179648K
  class space    used 11183K, committed 11520K, reserved 1048576K
}
Event: 12626.318 GC heap after
{Heap after GC invocations=52 (full 4):
 garbage-first heap   total 102400K, used 32940K [0x0000000708a00000, 0x0000000800000000)
  region size 2048K, 3 young (6144K), 3 survivors (6144K)
 Metaspace       used 88279K, committed 89024K, reserved 1179648K
  class space    used 11183K, committed 11520K, reserved 1048576K
}
Event: 12627.321 GC heap before
{Heap before GC invocations=53 (full 4):
 garbage-first heap   total 102400K, used 84140K [0x0000000708a00000, 0x0000000800000000)
  region size 2048K, 29 young (59392K), 3 survivors (6144K)
 Metaspace       used 88834K, committed 89664K, reserved 1179648K
  class space    used 11219K, committed 11584K, reserved 1048576K
}
Event: 12627.329 GC heap after
{Heap after GC invocations=54 (full 4):
 garbage-first heap   total 102400K, used 35871K [0x0000000708a00000, 0x0000000800000000)
  region size 2048K, 3 young (6144K), 3 survivors (6144K)
 Metaspace       used 88834K, committed 89664K, reserved 1179648K
  class space    used 11219K, committed 11584K, reserved 1048576K
}
Event: 12681.762 GC heap before
{Heap before GC invocations=54 (full 4):
 garbage-first heap   total 102400K, used 72735K [0x0000000708a00000, 0x0000000800000000)
  region size 2048K, 22 young (45056K), 3 survivors (6144K)
 Metaspace       used 89215K, committed 90048K, reserved 1179648K
  class space    used 11256K, committed 11648K, reserved 1048576K
}

